src/deconvolute/clients/mcp.py:311: error: Unused "type: ignore" comment  [unused-ignore]
src/deconvolute/clients/mcp.py:327: error: Unused "type: ignore" comment  [unused-ignore]
src/deconvolute/clients/mcp.py:402: error: Unused "type: ignore" comment  [unused-ignore]
tests/unit/core/test_strict_integrity.py:121: error: Unused "type: ignore" comment  [unused-ignore]
tests/unit/core/test_strict_integrity.py:137: error: Unused "type: ignore" comment  [unused-ignore]
tests/unit/core/test_strict_integrity.py:207: error: Unused "type: ignore" comment  [unused-ignore]
tests/integration/test_mcp_live.py:62: error: Unused "type: ignore" comment  [unused-ignore]
tests/integration/test_mcp_live.py:72: error: Unused "type: ignore" comment  [unused-ignore]
tests/regression/test_policy.py:35: error: Call to untyped function "list_tools" in typed context  [no-untyped-call]
tests/regression/test_policy.py:35: error: Untyped decorator makes function "list_tools" untyped  [untyped-decorator]
tests/regression/test_policy.py:60: error: Untyped decorator makes function "call_tool" untyped  [untyped-decorator]
tests/regression/test_policy.py:102: error: Item "ImageContent" of "TextContent | ImageContent | AudioContent | ResourceLink | EmbeddedResource" has no attribute "text"  [union-attr]
tests/regression/test_policy.py:102: error: Item "AudioContent" of "TextContent | ImageContent | AudioContent | ResourceLink | EmbeddedResource" has no attribute "text"  [union-attr]
tests/regression/test_policy.py:102: error: Item "ResourceLink" of "TextContent | ImageContent | AudioContent | ResourceLink | EmbeddedResource" has no attribute "text"  [union-attr]
tests/regression/test_policy.py:102: error: Item "EmbeddedResource" of "TextContent | ImageContent | AudioContent | ResourceLink | EmbeddedResource" has no attribute "text"  [union-attr]
tests/regression/test_policy.py:113: error: Item "ImageContent" of "TextContent | ImageContent | AudioContent | ResourceLink | EmbeddedResource" has no attribute "text"  [union-attr]
tests/regression/test_policy.py:113: error: Item "AudioContent" of "TextContent | ImageContent | AudioContent | ResourceLink | EmbeddedResource" has no attribute "text"  [union-attr]
tests/regression/test_policy.py:113: error: Item "ResourceLink" of "TextContent | ImageContent | AudioContent | ResourceLink | EmbeddedResource" has no attribute "text"  [union-attr]
tests/regression/test_policy.py:113: error: Item "EmbeddedResource" of "TextContent | ImageContent | AudioContent | ResourceLink | EmbeddedResource" has no attribute "text"  [union-attr]
tests/regression/test_policy.py:210: error: Item "ImageContent" of "TextContent | ImageContent | AudioContent | ResourceLink | EmbeddedResource" has no attribute "text"  [union-attr]
tests/regression/test_policy.py:210: error: Item "AudioContent" of "TextContent | ImageContent | AudioContent | ResourceLink | EmbeddedResource" has no attribute "text"  [union-attr]
tests/regression/test_policy.py:210: error: Item "ResourceLink" of "TextContent | ImageContent | AudioContent | ResourceLink | EmbeddedResource" has no attribute "text"  [union-attr]
tests/regression/test_policy.py:210: error: Item "EmbeddedResource" of "TextContent | ImageContent | AudioContent | ResourceLink | EmbeddedResource" has no attribute "text"  [union-attr]
tests/regression/test_policy.py:211: error: Item "ImageContent" of "TextContent | ImageContent | AudioContent | ResourceLink | EmbeddedResource" has no attribute "text"  [union-attr]
tests/regression/test_policy.py:211: error: Item "AudioContent" of "TextContent | ImageContent | AudioContent | ResourceLink | EmbeddedResource" has no attribute "text"  [union-attr]
tests/regression/test_policy.py:211: error: Item "ResourceLink" of "TextContent | ImageContent | AudioContent | ResourceLink | EmbeddedResource" has no attribute "text"  [union-attr]
tests/regression/test_policy.py:211: error: Item "EmbeddedResource" of "TextContent | ImageContent | AudioContent | ResourceLink | EmbeddedResource" has no attribute "text"  [union-attr]
tests/regression/test_interfaces.py:33: error: Call to untyped function "list_tools" in typed context  [no-untyped-call]
tests/regression/test_interfaces.py:33: error: Untyped decorator makes function "list_tools" untyped  [untyped-decorator]
tests/regression/test_interfaces.py:57: error: Untyped decorator makes function "call_tool" untyped  [untyped-decorator]
tests/regression/test_interfaces.py:173: error: Dict entry 1 has incompatible type "str": "None"; expected "str": "Sequence[Collection[str]]"  [dict-item]
tests/regression/test_interfaces.py:209: error: Item "ImageContent" of "TextContent | ImageContent | AudioContent | ResourceLink | EmbeddedResource" has no attribute "text"  [union-attr]
tests/regression/test_interfaces.py:209: error: Item "AudioContent" of "TextContent | ImageContent | AudioContent | ResourceLink | EmbeddedResource" has no attribute "text"  [union-attr]
tests/regression/test_interfaces.py:209: error: Item "ResourceLink" of "TextContent | ImageContent | AudioContent | ResourceLink | EmbeddedResource" has no attribute "text"  [union-attr]
tests/regression/test_interfaces.py:209: error: Item "EmbeddedResource" of "TextContent | ImageContent | AudioContent | ResourceLink | EmbeddedResource" has no attribute "text"  [union-attr]
Found 35 errors in 5 files (checked 72 source files)
